-------------------------------------------------------------------------------
Test set: com.main.EurekaClientFinancialProject.EurekaClientFinancialProjectApplicationTests
-------------------------------------------------------------------------------
Tests run: 1, Failures: 0, Errors: 1, Skipped: 0, Time elapsed: 24.014 s <<< FAILURE! - in com.main.EurekaClientFinancialProject.EurekaClientFinancialProjectApplicationTests
contextLoads  Time elapsed: 0.011 s  <<< ERROR!
java.lang.IllegalStateException: Failed to load ApplicationContext
Caused by: org.springframework.beans.factory.UnsatisfiedDependencyException: Error creating bean with name 'homeController': Unsatisfied dependency expressed through field 'hs'; nested exception is org.springframework.beans.factory.UnsatisfiedDependencyException: Error creating bean with name 'homeServiceImpl': Unsatisfied dependency expressed through field 'hr'; nested exception is org.springframework.beans.factory.BeanCreationException: Error creating bean with name 'homeRepository': Invocation of init method failed; nested exception is java.lang.IllegalArgumentException: Failed to create query for method public abstract void com.main.repository.HomeRepository.saveData(com.main.model.EmiDetails)! No property saveData found for type EmiDetails!
Caused by: org.springframework.beans.factory.UnsatisfiedDependencyException: Error creating bean with name 'homeServiceImpl': Unsatisfied dependency expressed through field 'hr'; nested exception is org.springframework.beans.factory.BeanCreationException: Error creating bean with name 'homeRepository': Invocation of init method failed; nested exception is java.lang.IllegalArgumentException: Failed to create query for method public abstract void com.main.repository.HomeRepository.saveData(com.main.model.EmiDetails)! No property saveData found for type EmiDetails!
Caused by: org.springframework.beans.factory.BeanCreationException: Error creating bean with name 'homeRepository': Invocation of init method failed; nested exception is java.lang.IllegalArgumentException: Failed to create query for method public abstract void com.main.repository.HomeRepository.saveData(com.main.model.EmiDetails)! No property saveData found for type EmiDetails!
Caused by: java.lang.IllegalArgumentException: Failed to create query for method public abstract void com.main.repository.HomeRepository.saveData(com.main.model.EmiDetails)! No property saveData found for type EmiDetails!
Caused by: org.springframework.data.mapping.PropertyReferenceException: No property saveData found for type EmiDetails!

